app/build/intermediates/manifest_merge_blame_file/debug/manifest-merger-blame-debug-report.txt
1<?xml version="1.0" encoding="utf-8"?>
2<manifest xmlns:android="http://schemas.android.com/apk/res/android"
3    package="com.senddrop.android"
4    android:versionCode="1"
5    android:versionName="0.1.0" >
6
7    <uses-sdk
8        android:minSdkVersion="24"
9        android:targetSdkVersion="33" />
10
11    <uses-permission android:name="android.permission.INTERNET" />
11-->src/main/AndroidManifest.xml:6:5-67
11-->src/main/AndroidManifest.xml:6:22-64
12    <uses-permission android:name="android.permission.ACCESS_WIFI_STATE" />
12-->src/main/AndroidManifest.xml:7:5-76
12-->src/main/AndroidManifest.xml:7:22-73
13    <uses-permission android:name="android.permission.READ_EXTERNAL_STORAGE" />
13-->src/main/AndroidManifest.xml:8:5-80
13-->src/main/AndroidManifest.xml:8:22-77
14    <uses-permission android:name="android.permission.WRITE_EXTERNAL_STORAGE" />
14-->src/main/AndroidManifest.xml:9:5-81
14-->src/main/AndroidManifest.xml:9:22-78
15    <uses-permission android:name="android.permission.FOREGROUND_SERVICE" />
15-->src/main/AndroidManifest.xml:10:5-77
15-->src/main/AndroidManifest.xml:10:22-74
16    <uses-permission android:name="android.permission.CAMERA" /> <!-- Don't require camera, as this requires a rear camera. This allows it to work on the Nexus 7 -->
16-->[com.journeyapps:zxing-android-embedded:4.3.0] AndroidManifest.xml:22:5-65
16-->[com.journeyapps:zxing-android-embedded:4.3.0] AndroidManifest.xml:22:22-62
17    <uses-feature
17-->[com.journeyapps:zxing-android-embedded:4.3.0] AndroidManifest.xml:25:5-27:36
18        android:name="android.hardware.camera"
18-->[com.journeyapps:zxing-android-embedded:4.3.0] AndroidManifest.xml:26:9-47
19        android:required="false" />
19-->[com.journeyapps:zxing-android-embedded:4.3.0] AndroidManifest.xml:27:9-33
20    <uses-feature
20-->[com.journeyapps:zxing-android-embedded:4.3.0] AndroidManifest.xml:28:5-30:36
21        android:name="android.hardware.camera.front"
21-->[com.journeyapps:zxing-android-embedded:4.3.0] AndroidManifest.xml:29:9-53
22        android:required="false" /> <!-- TODO replace above two with next line after Android 4.2 -->
22-->[com.journeyapps:zxing-android-embedded:4.3.0] AndroidManifest.xml:30:9-33
23    <!-- <uses-feature android:name="android.hardware.camera.any"/> -->
24    <uses-feature
24-->[com.journeyapps:zxing-android-embedded:4.3.0] AndroidManifest.xml:33:5-35:36
25        android:name="android.hardware.camera.autofocus"
25-->[com.journeyapps:zxing-android-embedded:4.3.0] AndroidManifest.xml:34:9-57
26        android:required="false" />
26-->[com.journeyapps:zxing-android-embedded:4.3.0] AndroidManifest.xml:35:9-33
27    <uses-feature
27-->[com.journeyapps:zxing-android-embedded:4.3.0] AndroidManifest.xml:36:5-38:36
28        android:name="android.hardware.camera.flash"
28-->[com.journeyapps:zxing-android-embedded:4.3.0] AndroidManifest.xml:37:9-53
29        android:required="false" />
29-->[com.journeyapps:zxing-android-embedded:4.3.0] AndroidManifest.xml:38:9-33
30    <uses-feature
30-->[com.journeyapps:zxing-android-embedded:4.3.0] AndroidManifest.xml:39:5-41:36
31        android:name="android.hardware.screen.landscape"
31-->[com.journeyapps:zxing-android-embedded:4.3.0] AndroidManifest.xml:40:9-57
32        android:required="false" />
32-->[com.journeyapps:zxing-android-embedded:4.3.0] AndroidManifest.xml:41:9-33
33    <uses-feature
33-->[com.journeyapps:zxing-android-embedded:4.3.0] AndroidManifest.xml:42:5-44:36
34        android:name="android.hardware.wifi"
34-->[com.journeyapps:zxing-android-embedded:4.3.0] AndroidManifest.xml:43:9-45
35        android:required="false" />
35-->[com.journeyapps:zxing-android-embedded:4.3.0] AndroidManifest.xml:44:9-33
36
37    <permission
37-->[androidx.core:core:1.9.0] AndroidManifest.xml:22:5-24:47
38        android:name="com.senddrop.android.DYNAMIC_RECEIVER_NOT_EXPORTED_PERMISSION"
38-->[androidx.core:core:1.9.0] AndroidManifest.xml:23:9-81
39        android:protectionLevel="signature" />
39-->[androidx.core:core:1.9.0] AndroidManifest.xml:24:9-44
40
41    <uses-permission android:name="com.senddrop.android.DYNAMIC_RECEIVER_NOT_EXPORTED_PERMISSION" />
41-->[androidx.core:core:1.9.0] AndroidManifest.xml:26:5-97
41-->[androidx.core:core:1.9.0] AndroidManifest.xml:26:22-94
42
43    <application
43-->src/main/AndroidManifest.xml:12:5-31:19
44        android:name="com.senddrop.android.App"
44-->src/main/AndroidManifest.xml:13:9-48
45        android:allowBackup="true"
45-->src/main/AndroidManifest.xml:14:9-35
46        android:appComponentFactory="androidx.core.app.CoreComponentFactory"
46-->[androidx.core:core:1.9.0] AndroidManifest.xml:28:18-86
47        android:debuggable="true"
48        android:extractNativeLibs="false"
49        android:label="@string/app_name"
49-->src/main/AndroidManifest.xml:15:9-41
50        android:supportsRtl="true"
50-->src/main/AndroidManifest.xml:16:9-35
51        android:theme="@style/Theme.SendDrop"
51-->src/main/AndroidManifest.xml:17:9-46
52        android:usesCleartextTraffic="true" >
52-->src/main/AndroidManifest.xml:18:9-44
53        <activity
53-->src/main/AndroidManifest.xml:21:9-29:20
54            android:name="com.senddrop.ui.MainActivity"
54-->src/main/AndroidManifest.xml:22:13-56
55            android:exported="true"
55-->src/main/AndroidManifest.xml:23:13-36
56            android:theme="@style/Theme.SendDrop" >
56-->src/main/AndroidManifest.xml:24:13-50
57            <intent-filter>
57-->src/main/AndroidManifest.xml:25:13-28:29
58                <action android:name="android.intent.action.MAIN" />
58-->src/main/AndroidManifest.xml:26:17-69
58-->src/main/AndroidManifest.xml:26:25-66
59
60                <category android:name="android.intent.category.LAUNCHER" />
60-->src/main/AndroidManifest.xml:27:17-77
60-->src/main/AndroidManifest.xml:27:27-74
61            </intent-filter>
62        </activity>
63        <activity
63-->[com.journeyapps:zxing-android-embedded:4.3.0] AndroidManifest.xml:47:9-53:63
64            android:name="com.journeyapps.barcodescanner.CaptureActivity"
64-->[com.journeyapps:zxing-android-embedded:4.3.0] AndroidManifest.xml:48:13-74
65            android:clearTaskOnLaunch="true"
65-->[com.journeyapps:zxing-android-embedded:4.3.0] AndroidManifest.xml:49:13-45
66            android:screenOrientation="sensorLandscape"
66-->[com.journeyapps:zxing-android-embedded:4.3.0] AndroidManifest.xml:50:13-56
67            android:stateNotNeeded="true"
67-->[com.journeyapps:zxing-android-embedded:4.3.0] AndroidManifest.xml:51:13-42
68            android:theme="@style/zxing_CaptureTheme"
68-->[com.journeyapps:zxing-android-embedded:4.3.0] AndroidManifest.xml:52:13-54
69            android:windowSoftInputMode="stateAlwaysHidden" />
69-->[com.journeyapps:zxing-android-embedded:4.3.0] AndroidManifest.xml:53:13-60
70
71        <provider
71-->[androidx.emoji2:emoji2:1.2.0] AndroidManifest.xml:24:9-32:20
72            android:name="androidx.startup.InitializationProvider"
72-->[androidx.emoji2:emoji2:1.2.0] AndroidManifest.xml:25:13-67
73            android:authorities="com.senddrop.android.androidx-startup"
73-->[androidx.emoji2:emoji2:1.2.0] AndroidManifest.xml:26:13-68
74            android:exported="false" >
74-->[androidx.emoji2:emoji2:1.2.0] AndroidManifest.xml:27:13-37
75            <meta-data
75-->[androidx.emoji2:emoji2:1.2.0] AndroidManifest.xml:29:13-31:52
76                android:name="androidx.emoji2.text.EmojiCompatInitializer"
76-->[androidx.emoji2:emoji2:1.2.0] AndroidManifest.xml:30:17-75
77                android:value="androidx.startup" />
77-->[androidx.emoji2:emoji2:1.2.0] AndroidManifest.xml:31:17-49
78            <meta-data
78-->[androidx.lifecycle:lifecycle-process:2.4.1] AndroidManifest.xml:31:13-33:52
79                android:name="androidx.lifecycle.ProcessLifecycleInitializer"
79-->[androidx.lifecycle:lifecycle-process:2.4.1] AndroidManifest.xml:32:17-78
80                android:value="androidx.startup" />
80-->[androidx.lifecycle:lifecycle-process:2.4.1] AndroidManifest.xml:33:17-49
81        </provider>
82    </application>
83
84</manifest>